
**** Build of configuration Debug for project matchers ****

make all 
Building file: ../censusmmx.cpp
Invoking: GCC C++ Compiler
g++ -I/usr/include/python2.7 -I/usr/include -O3 -g3 -Wall -c -fmessage-length=0 -mavx2 -fopenmp -ftree-vectorize -std=c++11 -fPIC -MMD -MP -MF"censusmmx.d" -MT"censusmmx.d" -o "censusmmx.o" "../censusmmx.cpp"
Finished building: ../censusmmx.cpp
 
Building file: ../matchers.cpp
Invoking: GCC C++ Compiler
g++ -I/usr/include/python2.7 -I/usr/include -O3 -g3 -Wall -c -fmessage-length=0 -mavx2 -fopenmp -ftree-vectorize -std=c++11 -fPIC -MMD -MP -MF"matchers.d" -MT"matchers.d" -o "matchers.o" "../matchers.cpp"
../matchers.cpp:680:0: warning: ignoring #pragma imp parallel [-Wunknown-pragmas]
 #pragma imp parallel num_thread(12)
 ^
../matchers.cpp:716:0: warning: ignoring #pragma imp parallel [-Wunknown-pragmas]
 #pragma imp parallel num_thread(12)
 ^
../matchers.cpp:752:0: warning: ignoring #pragma imp parallel [-Wunknown-pragmas]
 #pragma imp parallel num_thread(12)
 ^
../matchers.cpp: In function ‘PyObject* nccNister(PyObject*, PyObject*, int, int)’:
../matchers.cpp:45:9: warning: unused variable ‘end’ [-Wunused-variable]
     int end;
         ^
Finished building: ../matchers.cpp
 
Building file: ../nccmmx.cpp
Invoking: GCC C++ Compiler
g++ -I/usr/include/python2.7 -I/usr/include -O3 -g3 -Wall -c -fmessage-length=0 -mavx2 -fopenmp -ftree-vectorize -std=c++11 -fPIC -MMD -MP -MF"nccmmx.d" -MT"nccmmx.d" -o "nccmmx.o" "../nccmmx.cpp"
Finished building: ../nccmmx.cpp
 
Building file: ../sadmmx.cpp
Invoking: GCC C++ Compiler
g++ -I/usr/include/python2.7 -I/usr/include -O3 -g3 -Wall -c -fmessage-length=0 -mavx2 -fopenmp -ftree-vectorize -std=c++11 -fPIC -MMD -MP -MF"sadmmx.d" -MT"sadmmx.d" -o "sadmmx.o" "../sadmmx.cpp"
Finished building: ../sadmmx.cpp
 
Building target: libmatchers.so
Invoking: GCC C++ Linker
g++  -fopenmp -L/usr/lib -shared -o "libmatchers.so"  ./censusmmx.o ./matchers.o ./nccmmx.o ./sadmmx.o   -lpython2.7 -lboost_python
Finished building target: libmatchers.so
 

**** Build Finished ****
